{"/Users/rodolfo.levillglobant.com/Desktop/POC/config.js": {"path":"/Users/rodolfo.levillglobant.com/Desktop/POC/config.js","statementMap":{"0":{"start":{"line":1,"column":0},"end":{"line":7,"column":1}}},"fnMap":{},"branchMap":{},"s":{"0":2},"f":{},"b":{},"_coverageSchema":"1a1c01bbd47fc00a2c39e90264f33305004495a9","hash":"a44e608fa91d5ef84726d6d02023f8767de4724a"}
,"/Users/rodolfo.levillglobant.com/Desktop/POC/Base/axios-instance.js": {"path":"/Users/rodolfo.levillglobant.com/Desktop/POC/Base/axios-instance.js","statementMap":{"0":{"start":{"line":1,"column":22},"end":{"line":1,"column":38}},"1":{"start":{"line":2,"column":32},"end":{"line":2,"column":52}},"2":{"start":{"line":4,"column":14},"end":{"line":10,"column":2}},"3":{"start":{"line":12,"column":0},"end":{"line":12,"column":23}}},"fnMap":{},"branchMap":{},"s":{"0":2,"1":2,"2":2,"3":2},"f":{},"b":{},"_coverageSchema":"1a1c01bbd47fc00a2c39e90264f33305004495a9","hash":"4c43f6d294f20cef461d84ef979c05666e788d8f"}
,"/Users/rodolfo.levillglobant.com/Desktop/POC/Page/cardPage.js": {"path":"/Users/rodolfo.levillglobant.com/Desktop/POC/Page/cardPage.js","statementMap":{"0":{"start":{"line":1,"column":14},"end":{"line":1,"column":47}},"1":{"start":{"line":2,"column":17},"end":{"line":2,"column":37}},"2":{"start":{"line":6,"column":21},"end":{"line":6,"column":40}},"3":{"start":{"line":7,"column":4},"end":{"line":7,"column":31}},"4":{"start":{"line":12,"column":21},"end":{"line":12,"column":31}},"5":{"start":{"line":13,"column":4},"end":{"line":19,"column":6}},"6":{"start":{"line":22,"column":0},"end":{"line":22,"column":47}}},"fnMap":{"0":{"name":"getCardList","decl":{"start":{"line":5,"column":9},"end":{"line":5,"column":20}},"loc":{"start":{"line":5,"column":23},"end":{"line":8,"column":1}},"line":5},"1":{"name":"postCreateCard","decl":{"start":{"line":11,"column":9},"end":{"line":11,"column":23}},"loc":{"start":{"line":11,"column":42},"end":{"line":20,"column":1}},"line":11}},"branchMap":{},"s":{"0":1,"1":1,"2":1,"3":1,"4":1,"5":1,"6":1},"f":{"0":1,"1":1},"b":{},"_coverageSchema":"1a1c01bbd47fc00a2c39e90264f33305004495a9","hash":"437d2dce4fae4a39b6ff8bbf98b92d3be0fd7063"}
,"/Users/rodolfo.levillglobant.com/Desktop/POC/Page/listPage.js": {"path":"/Users/rodolfo.levillglobant.com/Desktop/POC/Page/listPage.js","statementMap":{"0":{"start":{"line":1,"column":14},"end":{"line":1,"column":47}},"1":{"start":{"line":2,"column":26},"end":{"line":2,"column":46}},"2":{"start":{"line":5,"column":19},"end":{"line":5,"column":68}},"3":{"start":{"line":6,"column":4},"end":{"line":6,"column":16}},"4":{"start":{"line":10,"column":21},"end":{"line":10,"column":46}},"5":{"start":{"line":11,"column":4},"end":{"line":11,"column":31}},"6":{"start":{"line":15,"column":21},"end":{"line":15,"column":38}},"7":{"start":{"line":16,"column":22},"end":{"line":16,"column":35}},"8":{"start":{"line":17,"column":19},"end":{"line":17,"column":38}},"9":{"start":{"line":18,"column":4},"end":{"line":18,"column":18}},"10":{"start":{"line":22,"column":21},"end":{"line":22,"column":38}},"11":{"start":{"line":23,"column":22},"end":{"line":23,"column":35}},"12":{"start":{"line":24,"column":20},"end":{"line":24,"column":35}},"13":{"start":{"line":25,"column":4},"end":{"line":25,"column":19}},"14":{"start":{"line":29,"column":21},"end":{"line":29,"column":31}},"15":{"start":{"line":30,"column":4},"end":{"line":36,"column":7}},"16":{"start":{"line":40,"column":21},"end":{"line":40,"column":42}},"17":{"start":{"line":41,"column":4},"end":{"line":45,"column":6}},"18":{"start":{"line":50,"column":21},"end":{"line":50,"column":48}},"19":{"start":{"line":51,"column":4},"end":{"line":55,"column":7}},"20":{"start":{"line":59,"column":0},"end":{"line":59,"column":124}}},"fnMap":{"0":{"name":"generateName","decl":{"start":{"line":4,"column":9},"end":{"line":4,"column":21}},"loc":{"start":{"line":4,"column":23},"end":{"line":7,"column":1}},"line":4},"1":{"name":"getIdList","decl":{"start":{"line":9,"column":9},"end":{"line":9,"column":18}},"loc":{"start":{"line":9,"column":21},"end":{"line":12,"column":1}},"line":9},"2":{"name":"getLastList","decl":{"start":{"line":14,"column":15},"end":{"line":14,"column":26}},"loc":{"start":{"line":14,"column":29},"end":{"line":19,"column":1}},"line":14},"3":{"name":"getFirstList","decl":{"start":{"line":21,"column":15},"end":{"line":21,"column":27}},"loc":{"start":{"line":21,"column":30},"end":{"line":26,"column":1}},"line":21},"4":{"name":"postCreateList","decl":{"start":{"line":28,"column":9},"end":{"line":28,"column":23}},"loc":{"start":{"line":28,"column":30},"end":{"line":37,"column":1}},"line":28},"5":{"name":"putUpdateListName","decl":{"start":{"line":39,"column":9},"end":{"line":39,"column":26}},"loc":{"start":{"line":39,"column":45},"end":{"line":46,"column":1}},"line":39},"6":{"name":"putDeleteLastList","decl":{"start":{"line":49,"column":9},"end":{"line":49,"column":26}},"loc":{"start":{"line":49,"column":34},"end":{"line":56,"column":1}},"line":49}},"branchMap":{},"s":{"0":2,"1":2,"2":2,"3":2,"4":12,"5":12,"6":5,"7":5,"8":5,"9":5,"10":7,"11":7,"12":7,"13":7,"14":1,"15":1,"16":1,"17":1,"18":1,"19":1,"20":2},"f":{"0":2,"1":12,"2":5,"3":7,"4":1,"5":1,"6":1},"b":{},"_coverageSchema":"1a1c01bbd47fc00a2c39e90264f33305004495a9","hash":"1459d73d64f1028f0321c64650d659ce66a42069"}
}
