TN:
SF:config.js
FNF:0
FNH:0
DA:1,2
LF:1
LH:1
BRF:0
BRH:0
end_of_record
TN:
SF:Base/axios-instance.js
FNF:0
FNH:0
DA:1,2
DA:2,2
DA:4,2
DA:12,2
LF:4
LH:4
BRF:0
BRH:0
end_of_record
TN:
SF:Page/cardPage.js
FN:5,getCardList
FN:11,postCreateCard
FNF:2
FNH:2
FNDA:1,getCardList
FNDA:1,postCreateCard
DA:1,1
DA:2,1
DA:6,1
DA:7,1
DA:12,1
DA:13,1
DA:22,1
LF:7
LH:7
BRF:0
BRH:0
end_of_record
TN:
SF:Page/listPage.js
FN:4,generateName
FN:9,getIdList
FN:14,getLastList
FN:21,getFirstList
FN:28,postCreateList
FN:39,putUpdateListName
FN:49,putDeleteLastList
FNF:7
FNH:7
FNDA:2,generateName
FNDA:12,getIdList
FNDA:5,getLastList
FNDA:7,getFirstList
FNDA:1,postCreateList
FNDA:1,putUpdateListName
FNDA:1,putDeleteLastList
DA:1,2
DA:2,2
DA:5,2
DA:6,2
DA:10,12
DA:11,12
DA:15,5
DA:16,5
DA:17,5
DA:18,5
DA:22,7
DA:23,7
DA:24,7
DA:25,7
DA:29,1
DA:30,1
DA:40,1
DA:41,1
DA:50,1
DA:51,1
DA:59,2
LF:21
LH:21
BRF:0
BRH:0
end_of_record
